[0.000000] (-) TimerEvent: {}
[0.000074] (-) JobUnselected: {'identifier': 'my_voice'}
[0.000090] (mynewpkg) JobQueued: {'identifier': 'mynewpkg', 'dependencies': OrderedDict()}
[0.000101] (mynewpkg) JobStarted: {'identifier': 'mynewpkg'}
[0.004519] (mynewpkg) JobProgress: {'identifier': 'mynewpkg', 'progress': 'cmake'}
[0.004846] (mynewpkg) Command: {'cmd': ['/usr/bin/cmake', '/home/jmj/voice_ws/mynewpkg', '-DCMAKE_INSTALL_PREFIX=/home/jmj/voice_ws/install/mynewpkg'], 'cwd': '/home/jmj/voice_ws/build/mynewpkg', 'env': OrderedDict([('LESSOPEN', '| /usr/bin/lesspipe %s'), ('CONDA_PROMPT_MODIFIER', '(test)'), ('LANGUAGE', 'en_US:en'), ('USER', 'jmj'), ('LC_TIME', 'ko_KR.UTF-8'), ('SSH_AGENT_PID', '1327'), ('XDG_SESSION_TYPE', 'x11'), ('SHLVL', '1'), ('LD_LIBRARY_PATH', '/opt/ros/foxy/opt/yaml_cpp_vendor/lib:/opt/ros/foxy/opt/rviz_ogre_vendor/lib:/opt/ros/foxy/lib/x86_64-linux-gnu:/opt/ros/foxy/lib'), ('HOME', '/home/jmj'), ('CONDA_SHLVL', '1'), ('OLDPWD', '/home/jmj/voice_ws/mynewpkg'), ('DESKTOP_SESSION', 'ubuntu'), ('ROS_PYTHON_VERSION', '3'), ('GNOME_SHELL_SESSION_MODE', 'ubuntu'), ('GTK_MODULES', 'gail:atk-bridge'), ('LC_MONETARY', 'ko_KR.UTF-8'), ('MANAGERPID', '1225'), ('DBUS_SESSION_BUS_ADDRESS', 'unix:path=/run/user/1000/bus'), ('COLORTERM', 'truecolor'), ('_CE_M', ''), ('TERMINATOR_DBUS_NAME', 'net.tenshu.Terminator21a9d5db22c73a993ff0b42f64b396873'), ('GIO_LAUNCHED_DESKTOP_FILE_PID', '18610'), ('IM_CONFIG_PHASE', '1'), ('COLCON_PREFIX_PATH', '/home/jmj/voice_ws/install'), ('ROS_DISTRO', 'foxy'), ('LOGNAME', 'jmj'), ('JOURNAL_STREAM', '8:49286'), ('_', '/usr/bin/colcon'), ('ROS_VERSION', '2'), ('CONDA_AUTO_ACTIVATE_BASE', 'false'), ('XDG_SESSION_CLASS', 'user'), ('USERNAME', 'jmj'), ('TERM', 'xterm-256color'), ('GNOME_DESKTOP_SESSION_ID', 'this-is-deprecated'), ('_CE_CONDA', ''), ('ROS_LOCALHOST_ONLY', '0'), ('WINDOWPATH', '2'), ('PATH', '/home/jmj/anaconda3/bin:/home/jmj/anaconda3/condabin:/home/jmj/anaconda3/envs/test/bin:/home/jmj/anaconda3/condabin:/home/jmj/anaconda3/bin:/home/jmj/anaconda3/condabin:/opt/ros/foxy/bin:/usr/local/sbin:/usr/local/bin:/usr/sbin:/usr/bin:/sbin:/bin:/usr/games:/usr/local/games:/snap/bin'), ('SESSION_MANAGER', 'local/jmj:@/tmp/.ICE-unix/1363,unix/jmj:/tmp/.ICE-unix/1363'), ('INVOCATION_ID', '89f66ee6bfd64d92bf72c48f3f3844d2'), ('PAPERSIZE', 'a4'), ('XDG_MENU_PREFIX', 'gnome-'), ('LC_ADDRESS', 'ko_KR.UTF-8'), ('XDG_RUNTIME_DIR', '/run/user/1000'), ('DISPLAY', ':0'), ('TERMINATOR_DBUS_PATH', '/net/tenshu/Terminator2'), ('LANG', 'en_US.UTF-8'), ('XDG_CURRENT_DESKTOP', 'ubuntu:GNOME'), ('LC_TELEPHONE', 'ko_KR.UTF-8'), ('XMODIFIERS', '@im=ibus'), ('XDG_SESSION_DESKTOP', 'ubuntu'), ('XAUTHORITY', '/run/user/1000/gdm/Xauthority'), ('LS_COLORS', 'rs=0:di=01;34:ln=01;36:mh=00:pi=40;33:so=01;35:do=01;35:bd=40;33;01:cd=40;33;01:or=40;31;01:mi=00:su=37;41:sg=30;43:ca=30;41:tw=30;42:ow=34;42:st=37;44:ex=01;32:*.tar=01;31:*.tgz=01;31:*.arc=01;31:*.arj=01;31:*.taz=01;31:*.lha=01;31:*.lz4=01;31:*.lzh=01;31:*.lzma=01;31:*.tlz=01;31:*.txz=01;31:*.tzo=01;31:*.t7z=01;31:*.zip=01;31:*.z=01;31:*.dz=01;31:*.gz=01;31:*.lrz=01;31:*.lz=01;31:*.lzo=01;31:*.xz=01;31:*.zst=01;31:*.tzst=01;31:*.bz2=01;31:*.bz=01;31:*.tbz=01;31:*.tbz2=01;31:*.tz=01;31:*.deb=01;31:*.rpm=01;31:*.jar=01;31:*.war=01;31:*.ear=01;31:*.sar=01;31:*.rar=01;31:*.alz=01;31:*.ace=01;31:*.zoo=01;31:*.cpio=01;31:*.7z=01;31:*.rz=01;31:*.cab=01;31:*.wim=01;31:*.swm=01;31:*.dwm=01;31:*.esd=01;31:*.jpg=01;35:*.jpeg=01;35:*.mjpg=01;35:*.mjpeg=01;35:*.gif=01;35:*.bmp=01;35:*.pbm=01;35:*.pgm=01;35:*.ppm=01;35:*.tga=01;35:*.xbm=01;35:*.xpm=01;35:*.tif=01;35:*.tiff=01;35:*.png=01;35:*.svg=01;35:*.svgz=01;35:*.mng=01;35:*.pcx=01;35:*.mov=01;35:*.mpg=01;35:*.mpeg=01;35:*.m2v=01;35:*.mkv=01;35:*.webm=01;35:*.ogm=01;35:*.mp4=01;35:*.m4v=01;35:*.mp4v=01;35:*.vob=01;35:*.qt=01;35:*.nuv=01;35:*.wmv=01;35:*.asf=01;35:*.rm=01;35:*.rmvb=01;35:*.flc=01;35:*.avi=01;35:*.fli=01;35:*.flv=01;35:*.gl=01;35:*.dl=01;35:*.xcf=01;35:*.xwd=01;35:*.yuv=01;35:*.cgm=01;35:*.emf=01;35:*.ogv=01;35:*.ogx=01;35:*.aac=00;36:*.au=00;36:*.flac=00;36:*.m4a=00;36:*.mid=00;36:*.midi=00;36:*.mka=00;36:*.mp3=00;36:*.mpc=00;36:*.ogg=00;36:*.ra=00;36:*.wav=00;36:*.oga=00;36:*.opus=00;36:*.spx=00;36:*.xspf=00;36:'), ('SSH_AUTH_SOCK', '/run/user/1000/keyring/ssh'), ('AMENT_PREFIX_PATH', '/home/jmj/voice_ws/install/my_voice:/opt/ros/foxy'), ('CONDA_PYTHON_EXE', '/home/jmj/anaconda3/bin/python'), ('SHELL', '/bin/bash'), ('LC_NAME', 'ko_KR.UTF-8'), ('TERMINATOR_UUID', 'urn:uuid:c78b18fb-cfcb-41bb-a74a-79cd6dbe936e'), ('QT_ACCESSIBILITY', '1'), ('GDMSESSION', 'ubuntu'), ('LESSCLOSE', '/usr/bin/lesspipe %s %s'), ('CONDA_DEFAULT_ENV', 'test'), ('LC_MEASUREMENT', 'ko_KR.UTF-8'), ('GPG_AGENT_INFO', '/run/user/1000/gnupg/S.gpg-agent:0:1'), ('LC_IDENTIFICATION', 'ko_KR.UTF-8'), ('QT_IM_MODULE', 'ibus'), ('PWD', '/home/jmj/voice_ws/build/mynewpkg'), ('LC_ALL', 'en_US.UTF-8'), ('XDG_CONFIG_DIRS', '/etc/xdg/xdg-ubuntu:/etc/xdg'), ('CONDA_EXE', '/home/jmj/anaconda3/bin/conda'), ('XDG_DATA_DIRS', '/usr/share/ubuntu:/usr/local/share/:/usr/share/:/var/lib/snapd/desktop'), ('PYTHONPATH', '/home/jmj/voice_ws/install/my_voice/lib/python3.8/site-packages:/opt/ros/foxy/lib/python3.8/site-packages:/home/jmj/anaconda3/envs/test/lib/python3.8/site-packages:/home/jmj/anaconda3/envs/test/lib/python3.8/site-packages'), ('LC_NUMERIC', 'ko_KR.UTF-8'), ('CONDA_PREFIX', '/home/jmj/anaconda3/envs/test'), ('LC_PAPER', 'ko_KR.UTF-8'), ('COLCON', '1'), ('VTE_VERSION', '6003'), ('CMAKE_PREFIX_PATH', '/home/jmj/voice_ws/install/my_voice:/opt/ros/foxy')]), 'shell': False}
[0.048937] (mynewpkg) StdoutLine: {'line': b'-- The C compiler identification is GNU 9.4.0\n'}
[0.099637] (-) TimerEvent: {}
[0.104082] (mynewpkg) StdoutLine: {'line': b'-- The CXX compiler identification is GNU 9.4.0\n'}
[0.106401] (mynewpkg) StdoutLine: {'line': b'-- Check for working C compiler: /usr/bin/cc\n'}
[0.171433] (mynewpkg) StdoutLine: {'line': b'-- Check for working C compiler: /usr/bin/cc -- works\n'}
[0.172611] (mynewpkg) StdoutLine: {'line': b'-- Detecting C compiler ABI info\n'}
[0.199807] (-) TimerEvent: {}
[0.254753] (mynewpkg) StdoutLine: {'line': b'-- Detecting C compiler ABI info - done\n'}
[0.261757] (mynewpkg) StdoutLine: {'line': b'-- Detecting C compile features\n'}
[0.261987] (mynewpkg) StdoutLine: {'line': b'-- Detecting C compile features - done\n'}
[0.263249] (mynewpkg) StdoutLine: {'line': b'-- Check for working CXX compiler: /usr/bin/c++\n'}
[0.300022] (-) TimerEvent: {}
[0.367965] (mynewpkg) StdoutLine: {'line': b'-- Check for working CXX compiler: /usr/bin/c++ -- works\n'}
[0.368688] (mynewpkg) StdoutLine: {'line': b'-- Detecting CXX compiler ABI info\n'}
[0.400135] (-) TimerEvent: {}
[0.464105] (mynewpkg) StdoutLine: {'line': b'-- Detecting CXX compiler ABI info - done\n'}
[0.475102] (mynewpkg) StdoutLine: {'line': b'-- Detecting CXX compile features\n'}
[0.475564] (mynewpkg) StdoutLine: {'line': b'-- Detecting CXX compile features - done\n'}
[0.476964] (mynewpkg) StdoutLine: {'line': b'-- Found ament_cmake: 0.9.12 (/opt/ros/foxy/share/ament_cmake/cmake)\n'}
[0.489785] (mynewpkg) StdoutLine: {'line': b'-- Found PythonInterp: /home/jmj/anaconda3/bin/python3 (found suitable version "3.12.7", minimum required is "3") \n'}
[0.489959] (mynewpkg) StdoutLine: {'line': b'-- Using PYTHON_EXECUTABLE: /home/jmj/anaconda3/bin/python3\n'}
[0.500222] (-) TimerEvent: {}
[0.592604] (mynewpkg) StdoutLine: {'line': b'-- Found std_msgs: 2.0.5 (/opt/ros/foxy/share/std_msgs/cmake)\n'}
[0.600327] (-) TimerEvent: {}
[0.607589] (mynewpkg) StdoutLine: {'line': b'-- Using all available rosidl_typesupport_c: rosidl_typesupport_fastrtps_c;rosidl_typesupport_introspection_c\n'}
[0.611826] (mynewpkg) StdoutLine: {'line': b'-- Found rosidl_adapter: 1.3.1 (/opt/ros/foxy/share/rosidl_adapter/cmake)\n'}
[0.651131] (mynewpkg) StdoutLine: {'line': b'-- Found OpenSSL: /usr/lib/x86_64-linux-gnu/libcrypto.so (found version "1.1.1f")  \n'}
[0.666358] (mynewpkg) StdoutLine: {'line': b'-- Found FastRTPS: /opt/ros/foxy/include  \n'}
[0.700436] (-) TimerEvent: {}
[0.704440] (mynewpkg) StdoutLine: {'line': b'-- Using all available rosidl_typesupport_cpp: rosidl_typesupport_fastrtps_cpp;rosidl_typesupport_introspection_cpp\n'}
[0.730042] (mynewpkg) StdoutLine: {'line': b'-- Found rosidl_default_generators: 1.0.1 (/opt/ros/foxy/share/rosidl_default_generators/cmake)\n'}
[0.744927] (mynewpkg) StdoutLine: {'line': b'-- Found PythonInterp: /home/jmj/anaconda3/bin/python3 (found version "3.12.7") \n'}
[0.770688] (mynewpkg) StderrLine: {'line': b'CMake Error at /opt/ros/foxy/share/rosidl_adapter/cmake/rosidl_adapt_interfaces.cmake:60 (message):\n'}
[0.770784] (mynewpkg) StderrLine: {'line': b'  execute_process(/home/jmj/anaconda3/bin/python3 -m rosidl_adapter\n'}
[0.770817] (mynewpkg) StderrLine: {'line': b'  --package-name mynewpkg --arguments-file\n'}
[0.770846] (mynewpkg) StderrLine: {'line': b'  /home/jmj/voice_ws/build/mynewpkg/rosidl_adapter__arguments__mynewpkg.json\n'}
[0.770872] (mynewpkg) StderrLine: {'line': b'  --output-dir /home/jmj/voice_ws/build/mynewpkg/rosidl_adapter/mynewpkg\n'}
[0.770897] (mynewpkg) StderrLine: {'line': b'  --output-file\n'}
[0.770922] (mynewpkg) StderrLine: {'line': b'  /home/jmj/voice_ws/build/mynewpkg/rosidl_adapter/mynewpkg.idls) returned\n'}
[0.770948] (mynewpkg) StderrLine: {'line': b'  error code 1:\n'}
[0.770972] (mynewpkg) StderrLine: {'line': b'\n'}
[0.770996] (mynewpkg) StderrLine: {'line': b"  AttributeError processing template 'msg.idl.em'\n"}
[0.771021] (mynewpkg) StderrLine: {'line': b'\n'}
[0.771045] (mynewpkg) StderrLine: {'line': b'  Traceback (most recent call last):\n'}
[0.771069] (mynewpkg) StderrLine: {'line': b'\n'}
[0.771093] (mynewpkg) StderrLine: {'line': b'    File "/opt/ros/foxy/lib/python3.8/site-packages/rosidl_adapter/resource/__init__.py", line 48, in evaluate_template\n'}
[0.771117] (mynewpkg) StderrLine: {'line': b'      _interpreter = em.Interpreter(\n'}
[0.771141] (mynewpkg) StderrLine: {'line': b'                     ^^^^^^^^^^^^^^\n'}
[0.771164] (mynewpkg) StderrLine: {'line': b'\n'}
[0.771188] (mynewpkg) StderrLine: {'line': b"  AttributeError: module 'em' has no attribute 'Interpreter'\n"}
[0.771213] (mynewpkg) StderrLine: {'line': b'\n'}
[0.771237] (mynewpkg) StderrLine: {'line': b'  \n'}
[0.771260] (mynewpkg) StderrLine: {'line': b'\n'}
[0.771284] (mynewpkg) StderrLine: {'line': b'  During handling of the above exception, another exception occurred:\n'}
[0.771309] (mynewpkg) StderrLine: {'line': b'\n'}
[0.771332] (mynewpkg) StderrLine: {'line': b'  \n'}
[0.771358] (mynewpkg) StderrLine: {'line': b'\n'}
[0.771470] (mynewpkg) StderrLine: {'line': b'  Traceback (most recent call last):\n'}
[0.771530] (mynewpkg) StderrLine: {'line': b'\n'}
[0.771562] (mynewpkg) StderrLine: {'line': b'    File "<frozen runpy>", line 198, in _run_module_as_main\n'}
[0.771589] (mynewpkg) StderrLine: {'line': b'    File "<frozen runpy>", line 88, in _run_code\n'}
[0.771614] (mynewpkg) StderrLine: {'line': b'    File "/opt/ros/foxy/lib/python3.8/site-packages/rosidl_adapter/__main__.py", line 19, in <module>\n'}
[0.771640] (mynewpkg) StderrLine: {'line': b'      sys.exit(main())\n'}
[0.771666] (mynewpkg) StderrLine: {'line': b'               ^^^^^^\n'}
[0.771691] (mynewpkg) StderrLine: {'line': b'    File "/opt/ros/foxy/lib/python3.8/site-packages/rosidl_adapter/main.py", line 53, in main\n'}
[0.771717] (mynewpkg) StderrLine: {'line': b'      abs_idl_file = convert_to_idl(\n'}
[0.771742] (mynewpkg) StderrLine: {'line': b'                     ^^^^^^^^^^^^^^^\n'}
[0.771767] (mynewpkg) StderrLine: {'line': b'    File "/opt/ros/foxy/lib/python3.8/site-packages/rosidl_adapter/__init__.py", line 19, in convert_to_idl\n'}
[0.771793] (mynewpkg) StderrLine: {'line': b'      return convert_msg_to_idl(\n'}
[0.771817] (mynewpkg) StderrLine: {'line': b'             ^^^^^^^^^^^^^^^^^^^\n'}
[0.771841] (mynewpkg) StderrLine: {'line': b'    File "/opt/ros/foxy/lib/python3.8/site-packages/rosidl_adapter/msg/__init__.py", line 39, in convert_msg_to_idl\n'}
[0.771866] (mynewpkg) StderrLine: {'line': b"      expand_template('msg.idl.em', data, output_file, encoding='iso-8859-1')\n"}
[0.771890] (mynewpkg) StderrLine: {'line': b'    File "/opt/ros/foxy/lib/python3.8/site-packages/rosidl_adapter/resource/__init__.py", line 23, in expand_template\n'}
[0.771920] (mynewpkg) StderrLine: {'line': b'      content = evaluate_template(template_name, data)\n'}
[0.771945] (mynewpkg) StderrLine: {'line': b'                ^^^^^^^^^^^^^^^^^^^^^^^^^^^^^^^^^^^^^^\n'}
[0.771969] (mynewpkg) StderrLine: {'line': b'    File "/opt/ros/foxy/lib/python3.8/site-packages/rosidl_adapter/resource/__init__.py", line 69, in evaluate_template\n'}
[0.771993] (mynewpkg) StderrLine: {'line': b'      _interpreter.shutdown()\n'}
[0.772018] (mynewpkg) StderrLine: {'line': b'      ^^^^^^^^^^^^^^^^^^^^^\n'}
[0.772041] (mynewpkg) StderrLine: {'line': b'\n'}
[0.772065] (mynewpkg) StderrLine: {'line': b"  AttributeError: 'NoneType' object has no attribute 'shutdown'\n"}
[0.772090] (mynewpkg) StderrLine: {'line': b'\n'}
[0.772114] (mynewpkg) StderrLine: {'line': b'Call Stack (most recent call first):\n'}
[0.772137] (mynewpkg) StderrLine: {'line': b'  /opt/ros/foxy/share/rosidl_cmake/cmake/rosidl_generate_interfaces.cmake:130 (rosidl_adapt_interfaces)\n'}
[0.772161] (mynewpkg) StderrLine: {'line': b'  CMakeLists.txt:23 (rosidl_generate_interfaces)\n'}
[0.772185] (mynewpkg) StderrLine: {'line': b'\n'}
[0.772209] (mynewpkg) StderrLine: {'line': b'\n'}
[0.772233] (mynewpkg) StdoutLine: {'line': b'-- Configuring incomplete, errors occurred!\n'}
[0.772262] (mynewpkg) StdoutLine: {'line': b'See also "/home/jmj/voice_ws/build/mynewpkg/CMakeFiles/CMakeOutput.log".\n'}
[0.775574] (mynewpkg) CommandEnded: {'returncode': 1}
[0.786933] (mynewpkg) JobEnded: {'identifier': 'mynewpkg', 'rc': 1}
[0.797288] (-) EventReactorShutdown: {}
