[0.049s] Traceback (most recent call last):
  File "/usr/lib/python3/dist-packages/colcon_core/executor/__init__.py", line 91, in __call__
    rc = await self.task(*args, **kwargs)
  File "/usr/lib/python3/dist-packages/colcon_core/task/__init__.py", line 93, in __call__
    return await task_method(*args, **kwargs)
  File "/usr/lib/python3/dist-packages/colcon_ros/task/ament_python/build.py", line 102, in build
    return await extension.build(additional_hooks=additional_hooks)
  File "/usr/lib/python3/dist-packages/colcon_core/task/python/build.py", line 96, in build
    available_commands = await self._get_available_commands(
  File "/usr/lib/python3/dist-packages/colcon_core/task/python/build.py", line 194, in _get_available_commands
    output = await check_output(
  File "/usr/lib/python3/dist-packages/colcon_core/subprocess.py", line 129, in check_output
    assert not rc, f'Expected {args} to pass: {stderr_data}'
AssertionError: Expected ['/usr/bin/python3', '-W', 'ignore:setup.py install is deprecated', '-W', 'ignore:easy_install command is deprecated', 'setup.py', '--help-commands'] to pass: Traceback (most recent call last):
  File "setup.py", line 1, in <module>
    from setuptools import setup
  File "/home/jmj/anaconda3/lib/python3.12/site-packages/setuptools/__init__.py", line 26, in <module>
    from .discovery import PackageFinder, PEP420PackageFinder
  File "/home/jmj/anaconda3/lib/python3.12/site-packages/setuptools/discovery.py", line 52, in <module>
    from ._path import StrPath
  File "/home/jmj/anaconda3/lib/python3.12/site-packages/setuptools/_path.py", line 13, in <module>
    StrPath: TypeAlias = Union[str, os.PathLike[str]]  #  Same as _typeshed.StrPath
TypeError: 'ABCMeta' object is not subscriptable

